<?xml version="1.0" encoding="UTF-8"?>
<!-- Generated by org.testng.reporters.JUnitReportReporter -->
<testsuite skipped="0" hostname="obaidulla.cable.rcn.com" name="com.osa.runner.Run" tests="1" failures="0" timestamp="29 Nov 2019 15:07:52 GMT" time="0.293" errors="0">
  <testcase name="feature" time="0.293" classname="com.osa.runner.Run"/>
</testsuite> <!-- com.osa.runner.Run -->
