<?xml version="1.0" encoding="UTF-8"?>
<!-- Generated by org.testng.reporters.JUnitReportReporter -->
<testsuite skipped="0" hostname="obaidulla.cable.rcn.com" name="com.osa.test.Profile" tests="3" failures="0" timestamp="29 Nov 2019 04:41:04 GMT" time="0.019" errors="0">
  <testcase name="test1" time="0.015" classname="com.osa.test.Profile"/>
  <testcase name="test3" time="0.002" classname="com.osa.test.Profile"/>
  <testcase name="test2" time="0.002" classname="com.osa.test.Profile"/>
</testsuite> <!-- com.osa.test.Profile -->
