<?xml version="1.0" encoding="UTF-8"?>
<!-- Generated by org.testng.reporters.JUnitReportReporter -->
<testsuite hostname="obaidulla.cable.rcn.com" name="com.osa.runner.Run" tests="1" failures="0" timestamp="2 Dec 2019 01:10:26 GMT" time="0.279" errors="0">
  <testcase name="feature" time="0.279" classname="com.osa.runner.Run"/>
</testsuite> <!-- com.osa.runner.Run -->
