<?xml version="1.0" encoding="UTF-8"?>
<testsuite xmlns:xsi="http://www.w3.org/2001/XMLSchema-instance" xsi:schemaLocation="https://maven.apache.org/surefire/maven-surefire-plugin/xsd/surefire-test-report.xsd" name="TestSuite" time="1.653" tests="1" errors="0" skipped="0" failures="0">
  <properties>
    <property name="java.vendor" value="Oracle Corporation"/>
    <property name="JOB_NAME" value="Test"/>
    <property name="PWD" value="/Users/mdobaidulla/desktop"/>
    <property name="sun.java.launcher" value="SUN_STANDARD"/>
    <property name="JAVA_MAIN_CLASS_3969" value="Main"/>
    <property name="sun.management.compiler" value="HotSpot 64-Bit Tiered Compilers"/>
    <property name="JENKINS_HOME" value="/Users/mdobaidulla/.jenkins"/>
    <property name="PATH" value="/usr/local/bin:/usr/bin:/bin:/usr/sbin:/sbin:/usr/local/mysql/bin/"/>
    <property name="HUDSON_SERVER_COOKIE" value="ab4e11cdae9a3716"/>
    <property name="POM_ARTIFACTID" value="API_Testing"/>
    <property name="os.name" value="Mac OS X"/>
    <property name="TERM_PROGRAM" value="Apple_Terminal"/>
    <property name="sun.boot.class.path" value="/Library/Java/JavaVirtualMachines/jdk1.8.0_151.jdk/Contents/Home/jre/lib/resources.jar:/Library/Java/JavaVirtualMachines/jdk1.8.0_151.jdk/Contents/Home/jre/lib/rt.jar:/Library/Java/JavaVirtualMachines/jdk1.8.0_151.jdk/Contents/Home/jre/lib/sunrsasign.jar:/Library/Java/JavaVirtualMachines/jdk1.8.0_151.jdk/Contents/Home/jre/lib/jsse.jar:/Library/Java/JavaVirtualMachines/jdk1.8.0_151.jdk/Contents/Home/jre/lib/jce.jar:/Library/Java/JavaVirtualMachines/jdk1.8.0_151.jdk/Contents/Home/jre/lib/charsets.jar:/Library/Java/JavaVirtualMachines/jdk1.8.0_151.jdk/Contents/Home/jre/lib/jfr.jar:/Library/Java/JavaVirtualMachines/jdk1.8.0_151.jdk/Contents/Home/jre/classes"/>
    <property name="EXECUTOR_NUMBER" value="0"/>
    <property name="TERM_SESSION_ID" value="FDB7D607-5E67-45D0-AD0C-59801A4EFC5E"/>
    <property name="java.vm.specification.vendor" value="Oracle Corporation"/>
    <property name="POM_DISPLAYNAME" value="API_Testing"/>
    <property name="NODE_LABELS" value="master"/>
    <property name="java.runtime.version" value="1.8.0_151-b12"/>
    <property name="user.name" value="mdobaidulla"/>
    <property name="guice.disable.misplaced.annotation.check" value="true"/>
    <property name="socksProxyHost" value="localhost"/>
    <property name="SECURITYSESSIONID" value="186a9"/>
    <property name="user.language" value="en"/>
    <property name="JOB_BASE_NAME" value="Test"/>
    <property name="RUN_CHANGES_DISPLAY_URL" value="http://localhost:8080/job/Test/17/display/redirect?page=changes"/>
    <property name="BUILD_DISPLAY_NAME" value="#17"/>
    <property name="TMPDIR" value="/var/folders/57/47mg3bld4nv7ctjc6g1q7l3c0000gn/T/"/>
    <property name="sun.boot.library.path" value="/Library/Java/JavaVirtualMachines/jdk1.8.0_151.jdk/Contents/Home/jre/lib"/>
    <property name="java.version" value="1.8.0_151"/>
    <property name="XPC_FLAGS" value="0x0"/>
    <property name="user.timezone" value="America/New_York"/>
    <property name="sun.arch.data.model" value="64"/>
    <property name="NODE_NAME" value="master"/>
    <property name="TERM" value="xterm-256color"/>
    <property name="java.endorsed.dirs" value="/Library/Java/JavaVirtualMachines/jdk1.8.0_151.jdk/Contents/Home/jre/lib/endorsed"/>
    <property name="BUILD_ID" value="17"/>
    <property name="sun.cpu.isalist" value=""/>
    <property name="sun.jnu.encoding" value="UTF-8"/>
    <property name="file.encoding.pkg" value="sun.io"/>
    <property name="SHELL" value="/bin/bash"/>
    <property name="file.separator" value="/"/>
    <property name="java.specification.name" value="Java Platform API Specification"/>
    <property name="maven.conf" value="/Users/mdobaidulla/.jenkins/tools/hudson.tasks.Maven_MavenInstallation/FacebookTestWithJenkins/conf"/>
    <property name="java.class.version" value="52.0"/>
    <property name="org.slf4j.simpleLogger.defaultLogLevel" value="info"/>
    <property name="user.country" value="US"/>
    <property name="java.home" value="/Library/Java/JavaVirtualMachines/jdk1.8.0_151.jdk/Contents/Home/jre"/>
    <property name="java.vm.info" value="mixed mode"/>
    <property name="os.version" value="10.12.6"/>
    <property name="RUN_DISPLAY_URL" value="http://localhost:8080/job/Test/17/display/redirect"/>
    <property name="POM_VERSION" value="0.0.1-SNAPSHOT"/>
    <property name="sun.font.fontmanager" value="sun.font.CFontManager"/>
    <property name="path.separator" value=":"/>
    <property name="java.vm.version" value="25.151-b12"/>
    <property name="JOB_DISPLAY_URL" value="http://localhost:8080/job/Test/display/redirect"/>
    <property name="SHLVL" value="1"/>
    <property name="_" value="/usr/bin/java"/>
    <property name="java.awt.printerjob" value="sun.lwawt.macosx.CPrinterJob"/>
    <property name="sun.io.unicode.encoding" value="UnicodeBig"/>
    <property name="awt.toolkit" value="sun.lwawt.macosx.LWCToolkit"/>
    <property name="LOGNAME" value="mdobaidulla"/>
    <property name="POM_PACKAGING" value="jar"/>
    <property name="HOME" value="/Users/mdobaidulla"/>
    <property name="POM_GROUPID" value="com.osa"/>
    <property name="user.home" value="/Users/mdobaidulla"/>
    <property name="socksProxyPort" value="8080"/>
    <property name="BUILD_TAG" value="jenkins-Test-17"/>
    <property name="JENKINS_SERVER_COOKIE" value="ab4e11cdae9a3716"/>
    <property name="HUDSON_URL" value="http://localhost:8080/"/>
    <property name="XPC_SERVICE_NAME" value="0"/>
    <property name="java.specification.vendor" value="Oracle Corporation"/>
    <property name="CLASSPATH" value=""/>
    <property name="java.vendor.url" value="http://java.oracle.com/"/>
    <property name="java.library.path" value="/Users/mdobaidulla/Library/Java/Extensions:/Library/Java/Extensions:/Network/Library/Java/Extensions:/System/Library/Java/Extensions:/usr/lib/java:."/>
    <property name="Apple_PubSub_Socket_Render" value="/private/tmp/com.apple.launchd.tmyykrXa2K/Render"/>
    <property name="gopherProxySet" value="false"/>
    <property name="java.vm.vendor" value="Oracle Corporation"/>
    <property name="java.runtime.name" value="Java(TM) SE Runtime Environment"/>
    <property name="maven.home" value="/Users/mdobaidulla/.jenkins/tools/hudson.tasks.Maven_MavenInstallation/FacebookTestWithJenkins"/>
    <property name="java.class.path" value="/Users/mdobaidulla/.jenkins/plugins/maven-plugin/WEB-INF/lib/maven35-agent-1.12.jar:/Users/mdobaidulla/.jenkins/tools/hudson.tasks.Maven_MavenInstallation/FacebookTestWithJenkins/boot/plexus-classworlds-2.5.2.jar:/Users/mdobaidulla/.jenkins/tools/hudson.tasks.Maven_MavenInstallation/FacebookTestWithJenkins/conf/logging"/>
    <property name="sun.java.command" value="jenkins.maven3.agent.Maven35Main /Users/mdobaidulla/.jenkins/tools/hudson.tasks.Maven_MavenInstallation/FacebookTestWithJenkins /Users/mdobaidulla/.jenkins/war/WEB-INF/lib/remoting-3.36.jar /Users/mdobaidulla/.jenkins/plugins/maven-plugin/WEB-INF/lib/maven35-interceptor-1.12.jar /Users/mdobaidulla/.jenkins/plugins/maven-plugin/WEB-INF/lib/maven3-interceptor-commons-1.12.jar 56633"/>
    <property name="java.vm.specification.name" value="Java Virtual Machine Specification"/>
    <property name="java.vm.specification.version" value="1.8"/>
    <property name="sun.os.patch.level" value="unknown"/>
    <property name="sun.cpu.endian" value="little"/>
    <property name="M2_HOME" value="/Users/mdobaidulla/.jenkins/tools/hudson.tasks.Maven_MavenInstallation/FacebookTestWithJenkins"/>
    <property name="java.io.tmpdir" value="/var/folders/57/47mg3bld4nv7ctjc6g1q7l3c0000gn/T/"/>
    <property name="HUDSON_HOME" value="/Users/mdobaidulla/.jenkins"/>
    <property name="PATH+MAVEN" value="/Users/mdobaidulla/.jenkins/tools/hudson.tasks.Maven_MavenInstallation/FacebookTestWithJenkins/bin"/>
    <property name="BUILD_URL" value="http://localhost:8080/job/Test/17/"/>
    <property name="java.vendor.url.bug" value="http://bugreport.sun.com/bugreport/"/>
    <property name="OLDPWD" value="/Users/mdobaidulla"/>
    <property name="SSH_AUTH_SOCK" value="/private/tmp/com.apple.launchd.nF3L7Be6Zu/Listeners"/>
    <property name="java.awt.graphicsenv" value="sun.awt.CGraphicsEnvironment"/>
    <property name="os.arch" value="x86_64"/>
    <property name="com.apple.java.jvmTask" value="CommandLine"/>
    <property name="java.ext.dirs" value="/Users/mdobaidulla/Library/Java/Extensions:/Library/Java/JavaVirtualMachines/jdk1.8.0_151.jdk/Contents/Home/jre/lib/ext:/Library/Java/Extensions:/Network/Library/Java/Extensions:/System/Library/Java/Extensions:/usr/lib/java"/>
    <property name="__CF_USER_TEXT_ENCODING" value="0x1F5:0x0:0x0"/>
    <property name="user.dir" value="/Users/mdobaidulla/Desktop/OSA0817201903A/API_Testing"/>
    <property name="JOB_URL" value="http://localhost:8080/job/Test/"/>
    <property name="line.separator" value="&#10;"/>
    <property name="JAVA_ARCH" value="x86_64"/>
    <property name="MAVEN_HOME" value="/Users/mdobaidulla/.jenkins/tools/hudson.tasks.Maven_MavenInstallation/FacebookTestWithJenkins"/>
    <property name="java.vm.name" value="Java HotSpot(TM) 64-Bit Server VM"/>
    <property name="BUILD_NUMBER" value="17"/>
    <property name="JENKINS_URL" value="http://localhost:8080/"/>
    <property name="TERM_PROGRAM_VERSION" value="388.1.3"/>
    <property name="file.encoding" value="UTF-8"/>
    <property name="LANG" value="en_US.UTF-8"/>
    <property name="maven3.interceptor" value="/Users/mdobaidulla/.jenkins/plugins/maven-plugin/WEB-INF/lib/maven35-interceptor-1.12.jar"/>
    <property name="WORKSPACE" value="/Users/mdobaidulla/Desktop/OSA0817201903A/API_Testing"/>
    <property name="maven3.interceptor.common" value="/Users/mdobaidulla/.jenkins/plugins/maven-plugin/WEB-INF/lib/maven3-interceptor-commons-1.12.jar"/>
    <property name="java.specification.version" value="1.8"/>
    <property name="USER" value="mdobaidulla"/>
  </properties>
  <testcase name="feature" classname="com.osa.runner.Run" time="0.279"/>
</testsuite>